============================== 
WAREHOUSE RUN - Fri 04/24/2026 21:16:14.68 
============================== 
[SCHEMA] 

SQL*Plus: Release 21.0.0.0.0 - Production on Fri Apr 24 21:16:14 2026
Version 21.3.0.0.0

Copyright (c) 1982, 2021, Oracle.  All rights reserved.

Last Successful login time: Fri Apr 24 2026 18:42:21 +03:00

Connected to:
Oracle Database 21c Express Edition Release 21.0.0.0.0 - Production
Version 21.3.0.0.0


PL/SQL procedure successfully completed.


PL/SQL procedure successfully completed.


PL/SQL procedure successfully completed.


PL/SQL procedure successfully completed.


PL/SQL procedure successfully completed.


PL/SQL procedure successfully completed.


PL/SQL procedure successfully completed.


PL/SQL procedure successfully completed.


PL/SQL procedure successfully completed.


PL/SQL procedure successfully completed.


PL/SQL procedure successfully completed.


PL/SQL procedure successfully completed.


PL/SQL procedure successfully completed.


PL/SQL procedure successfully completed.


PL/SQL procedure successfully completed.


PL/SQL procedure successfully completed.


Sequence created.


Sequence created.


Sequence created.


Sequence created.


Sequence created.


Sequence created.


Sequence created.


Sequence created.


Table created.


Table created.


Table created.


Table created.


Table created.


Table created.


Table created.


Table created.

Disconnected from Oracle Database 21c Express Edition Release 21.0.0.0.0 - Production
Version 21.3.0.0.0
[SAMPLE DATA] 

SQL*Plus: Release 21.0.0.0.0 - Production on Fri Apr 24 21:16:16 2026
Version 21.3.0.0.0

Copyright (c) 1982, 2021, Oracle.  All rights reserved.

Last Successful login time: Fri Apr 24 2026 21:16:15 +03:00

Connected to:
Oracle Database 21c Express Edition Release 21.0.0.0.0 - Production
Version 21.3.0.0.0


0 rows deleted.


0 rows deleted.


0 rows deleted.


0 rows deleted.


0 rows deleted.


0 rows deleted.


1 row created.


1 row created.


1 row created.


1 row created.


1 row created.


1 row created.


1 row created.


1 row created.


1 row created.


1 row created.


Commit complete.

Disconnected from Oracle Database 21c Express Edition Release 21.0.0.0.0 - Production
Version 21.3.0.0.0
[PROCEDURE] 

SQL*Plus: Release 21.0.0.0.0 - Production on Fri Apr 24 21:16:17 2026
Version 21.3.0.0.0

Copyright (c) 1982, 2021, Oracle.  All rights reserved.

Last Successful login time: Fri Apr 24 2026 21:16:16 +03:00

Connected to:
Oracle Database 21c Express Edition Release 21.0.0.0.0 - Production
Version 21.3.0.0.0


Procedure created.

Disconnected from Oracle Database 21c Express Edition Release 21.0.0.0.0 - Production
Version 21.3.0.0.0
[TESTS] 

SQL*Plus: Release 21.0.0.0.0 - Production on Fri Apr 24 21:16:17 2026
Version 21.3.0.0.0

Copyright (c) 1982, 2021, Oracle.  All rights reserved.

Last Successful login time: Fri Apr 24 2026 21:16:17 +03:00

Connected to:
Oracle Database 21c Express Edition Release 21.0.0.0.0 - Production
Version 21.3.0.0.0


Function created.

=== TEST 1: αρκετό απόθεμα ===
TEST 1 OK - COMPLETED

PL/SQL procedure successfully completed.

=== TEST 2: ανεπαρκές απόθεμα ===
TEST 2 OK - FAILED

PL/SQL procedure successfully completed.

=== TEST 3: ένα από τα δύο προϊόντα λείπει ===
TEST 3 OK - FAILED

PL/SQL procedure successfully completed.

=== TEST 4: μείωση αποθέματος μετά από COMPLETED ===
TEST 4 OK - Milk=15 Rice=40

PL/SQL procedure successfully completed.

=== TEST 5: καταχώρηση logs ===
TEST 5 OK - 3 εγγραφές

PL/SQL procedure successfully completed.

=== TEST 6: low stock report ===
TEST 6 OK - 1 προϊόντα με χαμηλό απόθεμα

PL/SQL procedure successfully completed.

=== TEST 7: has_sufficient_stock ===
TEST 7a OK - επιστρέφει Y
TEST 7b OK - επιστρέφει N

PL/SQL procedure successfully completed.

=== ΤΕΛΟΣ TESTS ===
Disconnected from Oracle Database 21c Express Edition Release 21.0.0.0.0 - Production
Version 21.3.0.0.0
[ORDER PROCESS] 

SQL*Plus: Release 21.0.0.0.0 - Production on Fri Apr 24 21:16:18 2026
Version 21.3.0.0.0

Copyright (c) 1982, 2021, Oracle.  All rights reserved.

Last Successful login time: Fri Apr 24 2026 21:16:17 +03:00

Connected to:
Oracle Database 21c Express Edition Release 21.0.0.0.0 - Production
Version 21.3.0.0.0


PL/SQL procedure successfully completed.

Disconnected from Oracle Database 21c Express Edition Release 21.0.0.0.0 - Production
Version 21.3.0.0.0
[REPORT] 

SQL*Plus: Release 21.0.0.0.0 - Production on Fri Apr 24 21:16:18 2026
Version 21.3.0.0.0

Copyright (c) 1982, 2021, Oracle.  All rights reserved.

Last Successful login time: Fri Apr 24 2026 21:16:18 +03:00

Connected to:
Oracle Database 21c Express Edition Release 21.0.0.0.0 - Production
Version 21.3.0.0.0


PRODUCT_ID
----------
PRODUCT_NAME
--------------------------------------------------------------------------------
R UNIT_OF_MEASURE
- --------------------
	 1
Milk
Y PCS

	 2
Rice
N PCS

PRODUCT_ID
----------
PRODUCT_NAME
--------------------------------------------------------------------------------
R UNIT_OF_MEASURE
- --------------------



INVENTORY_ID PRODUCT_ID LOCATION_ID   QUANTITY
------------ ---------- ----------- ----------
	   1	      1 	  1	    10
	   2	      2 	  2	    30


  ORDER_ID
----------
CUSTOMER_NAME
--------------------------------------------------------------------------------
ORDER_DAT STATUS
--------- ------------------------------
	 1
Test Customer
24-APR-26 COMPLETED

	 2
Πελάτης Β
24-APR-26 FAILED

  ORDER_ID
----------
CUSTOMER_NAME
--------------------------------------------------------------------------------
ORDER_DAT STATUS
--------- ------------------------------

	 3
Πελάτης Γ
24-APR-26 FAILED



ORDER_LINE_ID	ORDER_ID PRODUCT_ID   QUANTITY
------------- ---------- ---------- ----------
	    1	       1	  1	     5
	    2	       1	  2	    10
	    3	       2	  1	  9999
	    4	       3	  1	     3
	    5	       3	  2	  9999


  EVENT_ID EVENT_TIM EVENT_TYPE
---------- --------- --------------------------------------------------
REFERENCE_TYPE		       REFERENCE_ID
------------------------------ ------------
MESSAGE
--------------------------------------------------------------------------------
	 1 24-APR-26 INIT
SYSTEM
Reloaded sample data

	 2 24-APR-26 ORDER
ORDER					  1
Order completed successfully

  EVENT_ID EVENT_TIM EVENT_TYPE
---------- --------- --------------------------------------------------
REFERENCE_TYPE		       REFERENCE_ID
------------------------------ ------------
MESSAGE
--------------------------------------------------------------------------------

	 3 24-APR-26 ORDER
ORDER					  2
Order failed due to insufficient stock

	 4 24-APR-26 ORDER
ORDER					  3

  EVENT_ID EVENT_TIM EVENT_TYPE
---------- --------- --------------------------------------------------
REFERENCE_TYPE		       REFERENCE_ID
------------------------------ ------------
MESSAGE
--------------------------------------------------------------------------------
Order failed due to insufficient stock

	 5 24-APR-26 ORDER
ORDER					  1
Order completed successfully


Disconnected from Oracle Database 21c Express Edition Release 21.0.0.0.0 - Production
Version 21.3.0.0.0
============================== 
DONE - Fri 04/24/2026 21:16:18.54 
============================== 
